e:\documents\uni\thessis\game\game_project\brewski_engine\add-ons\glfw\bin-int\debug-windows-x86_64\glfw\glfw.pdb
e:\documents\uni\thessis\game\game_project\brewski_engine\add-ons\glfw\bin-int\debug-windows-x86_64\glfw\window.obj
e:\documents\uni\thessis\game\game_project\brewski_engine\add-ons\glfw\bin-int\debug-windows-x86_64\glfw\win32_window.obj
e:\documents\uni\thessis\game\game_project\brewski_engine\add-ons\glfw\bin-int\debug-windows-x86_64\glfw\win32_time.obj
e:\documents\uni\thessis\game\game_project\brewski_engine\add-ons\glfw\bin-int\debug-windows-x86_64\glfw\win32_thread.obj
e:\documents\uni\thessis\game\game_project\brewski_engine\add-ons\glfw\bin-int\debug-windows-x86_64\glfw\win32_monitor.obj
e:\documents\uni\thessis\game\game_project\brewski_engine\add-ons\glfw\bin-int\debug-windows-x86_64\glfw\win32_joystick.obj
e:\documents\uni\thessis\game\game_project\brewski_engine\add-ons\glfw\bin-int\debug-windows-x86_64\glfw\win32_init.obj
e:\documents\uni\thessis\game\game_project\brewski_engine\add-ons\glfw\bin-int\debug-windows-x86_64\glfw\wgl_context.obj
e:\documents\uni\thessis\game\game_project\brewski_engine\add-ons\glfw\bin-int\debug-windows-x86_64\glfw\vulkan.obj
e:\documents\uni\thessis\game\game_project\brewski_engine\add-ons\glfw\bin-int\debug-windows-x86_64\glfw\osmesa_context.obj
e:\documents\uni\thessis\game\game_project\brewski_engine\add-ons\glfw\bin-int\debug-windows-x86_64\glfw\monitor.obj
e:\documents\uni\thessis\game\game_project\brewski_engine\add-ons\glfw\bin-int\debug-windows-x86_64\glfw\input.obj
e:\documents\uni\thessis\game\game_project\brewski_engine\add-ons\glfw\bin-int\debug-windows-x86_64\glfw\init.obj
e:\documents\uni\thessis\game\game_project\brewski_engine\add-ons\glfw\bin-int\debug-windows-x86_64\glfw\egl_context.obj
e:\documents\uni\thessis\game\game_project\brewski_engine\add-ons\glfw\bin-int\debug-windows-x86_64\glfw\context.obj
e:\documents\uni\thessis\game\game_project\brewski_engine\add-ons\glfw\bin\debug-windows-x86_64\glfw\glfw.lib
e:\documents\uni\thessis\game\game_project\brewski_engine\add-ons\glfw\bin-int\debug-windows-x86_64\glfw\glfw.tlog\cl.command.1.tlog
e:\documents\uni\thessis\game\game_project\brewski_engine\add-ons\glfw\bin-int\debug-windows-x86_64\glfw\glfw.tlog\cl.read.1.tlog
e:\documents\uni\thessis\game\game_project\brewski_engine\add-ons\glfw\bin-int\debug-windows-x86_64\glfw\glfw.tlog\cl.write.1.tlog
e:\documents\uni\thessis\game\game_project\brewski_engine\add-ons\glfw\bin-int\debug-windows-x86_64\glfw\glfw.tlog\lib-link.read.1.tlog
e:\documents\uni\thessis\game\game_project\brewski_engine\add-ons\glfw\bin-int\debug-windows-x86_64\glfw\glfw.tlog\lib-link.write.1.tlog
e:\documents\uni\thessis\game\game_project\brewski_engine\add-ons\glfw\bin-int\debug-windows-x86_64\glfw\glfw.tlog\lib.command.1.tlog
